0 info it worked if it ends with ok
1 verbose cli [ '/usr/bin/nodejs', '/usr/bin/npm', 'run', 'stage-branch' ]
2 info using npm@3.7.3
3 info using node@v5.9.1
4 verbose run-script [ 'prestage-branch', 'stage-branch', 'poststage-branch' ]
5 info lifecycle panoptes@0.0.2~prestage-branch: panoptes@0.0.2
6 silly lifecycle panoptes@0.0.2~prestage-branch: no script for prestage-branch, continuing
7 info lifecycle panoptes@0.0.2~stage-branch: panoptes@0.0.2
8 verbose lifecycle panoptes@0.0.2~stage-branch: unsafe-perm in lifecycle true
9 verbose lifecycle panoptes@0.0.2~stage-branch: PATH: /usr/lib/node_modules/npm/bin/node-gyp-bin:/home/crentist/Panoptes/Panoptes-Front-End/node_modules/.bin:/usr/bin:/home/crentist/.rvm/gems/ruby-2.2.1/bin:/home/crentist/.rvm/gems/ruby-2.2.1@global/bin:/home/crentist/.rvm/rubies/ruby-2.2.1/bin:/usr/local/sbin:/usr/local/bin:/usr/sbin:/usr/bin:/sbin:/bin:/usr/games:/usr/local/games:/home/crentist/.rvm/bin:/home/crentist/.rvm/bin
10 verbose lifecycle panoptes@0.0.2~stage-branch: CWD: /home/crentist/Panoptes/Panoptes-Front-End
11 silly lifecycle panoptes@0.0.2~stage-branch: Args: [ '-c',
11 silly lifecycle   'export DEPLOY_SUBDIR="panoptes-front-end/$(git symbolic-ref --short HEAD)"; npm run stage' ]
12 silly lifecycle panoptes@0.0.2~stage-branch: Returned: code: 1  signal: null
13 info lifecycle panoptes@0.0.2~stage-branch: Failed to exec stage-branch script
14 verbose stack Error: panoptes@0.0.2 stage-branch: `export DEPLOY_SUBDIR="panoptes-front-end/$(git symbolic-ref --short HEAD)"; npm run stage`
14 verbose stack Exit status 1
14 verbose stack     at EventEmitter.<anonymous> (/usr/lib/node_modules/npm/lib/utils/lifecycle.js:239:16)
14 verbose stack     at emitTwo (events.js:100:13)
14 verbose stack     at EventEmitter.emit (events.js:185:7)
14 verbose stack     at ChildProcess.<anonymous> (/usr/lib/node_modules/npm/lib/utils/spawn.js:24:14)
14 verbose stack     at emitTwo (events.js:100:13)
14 verbose stack     at ChildProcess.emit (events.js:185:7)
14 verbose stack     at maybeClose (internal/child_process.js:850:16)
14 verbose stack     at Process.ChildProcess._handle.onexit (internal/child_process.js:215:5)
15 verbose pkgid panoptes@0.0.2
16 verbose cwd /home/crentist/Panoptes/Panoptes-Front-End
17 error Linux 4.2.0-27-generic
18 error argv "/usr/bin/nodejs" "/usr/bin/npm" "run" "stage-branch"
19 error node v5.9.1
20 error npm  v3.7.3
21 error code ELIFECYCLE
22 error panoptes@0.0.2 stage-branch: `export DEPLOY_SUBDIR="panoptes-front-end/$(git symbolic-ref --short HEAD)"; npm run stage`
22 error Exit status 1
23 error Failed at the panoptes@0.0.2 stage-branch script 'export DEPLOY_SUBDIR="panoptes-front-end/$(git symbolic-ref --short HEAD)"; npm run stage'.
23 error Make sure you have the latest version of node.js and npm installed.
23 error If you do, this is most likely a problem with the panoptes package,
23 error not with npm itself.
23 error Tell the author that this fails on your system:
23 error     export DEPLOY_SUBDIR="panoptes-front-end/$(git symbolic-ref --short HEAD)"; npm run stage
23 error You can get information on how to open an issue for this project with:
23 error     npm bugs panoptes
23 error Or if that isn't available, you can get their info via:
23 error     npm owner ls panoptes
23 error There is likely additional logging output above.
24 verbose exit [ 1, true ]
